Performing C SOURCE FILE Test CMAKE_HAVE_LIBC_PTHREAD failed with the following output:
Change Dir: /home/nagy/Desktop/Software Robitics Engineering Udacity Nanodegree/projects/build_my_world/cmake-build-debug/CMakeFiles/CMakeScratch/TryCompile-TqHWYY

Run Build Command(s):/snap/clion/237/bin/ninja/linux/x64/ninja cmTC_3e1e1 && [1/2] Building C object CMakeFiles/cmTC_3e1e1.dir/src.c.o
[2/2] Linking C executable cmTC_3e1e1
FAILED: cmTC_3e1e1 
: && /usr/bin/cc  -rdynamic CMakeFiles/cmTC_3e1e1.dir/src.c.o -o cmTC_3e1e1   && :
/usr/bin/ld: CMakeFiles/cmTC_3e1e1.dir/src.c.o: in function `main':
src.c:(.text+0x46): undefined reference to `pthread_create'
/usr/bin/ld: src.c:(.text+0x52): undefined reference to `pthread_detach'
/usr/bin/ld: src.c:(.text+0x5e): undefined reference to `pthread_cancel'
/usr/bin/ld: src.c:(.text+0x6f): undefined reference to `pthread_join'
collect2: error: ld returned 1 exit status
ninja: build stopped: subcommand failed.


Source file was:
#include <pthread.h>

static void* test_func(void* data)
{
  return data;
}

int main(void)
{
  pthread_t thread;
  pthread_create(&thread, NULL, test_func, NULL);
  pthread_detach(thread);
  pthread_cancel(thread);
  pthread_join(thread, NULL);
  pthread_atfork(NULL, NULL, NULL);
  pthread_exit(NULL);

  return 0;
}


Determining if the function pthread_create exists in the pthreads failed with the following output:
Change Dir: /home/nagy/Desktop/Software Robitics Engineering Udacity Nanodegree/projects/build_my_world/cmake-build-debug/CMakeFiles/CMakeScratch/TryCompile-WOx5V0

Run Build Command(s):/snap/clion/237/bin/ninja/linux/x64/ninja cmTC_215cf && [1/2] Building C object CMakeFiles/cmTC_215cf.dir/CheckFunctionExists.c.o
[2/2] Linking C executable cmTC_215cf
FAILED: cmTC_215cf 
: && /usr/bin/cc -DCHECK_FUNCTION_EXISTS=pthread_create -rdynamic CMakeFiles/cmTC_215cf.dir/CheckFunctionExists.c.o -o cmTC_215cf  -lpthreads && :
/usr/bin/ld: cannot find -lpthreads
collect2: error: ld returned 1 exit status
ninja: build stopped: subcommand failed.



